

Date:2020-07-25 05:46:39,655
Thread:[1]
Level:ERROR
Logger:Syncfusion.Xamarin.UI.WizardImplementation                         [(null)]
Message:System.ArgumentException: Argument cannot be null or empty
Parameter name: fullName
   at NuGet.VisualStudio.ProjectNames..ctor(String fullName, String uniqueName, String shortName, String customUniqueName)
   at NuGet.VisualStudio.ProjectNames.<FromDTEProjectAsync>d__17.MoveNext()
--- End of stack trace from previous location where exception was thrown ---
   at System.Runtime.CompilerServices.TaskAwaiter.ThrowForNonSuccess(Task task)
   at System.Runtime.CompilerServices.TaskAwaiter.HandleNonSuccessAndDebuggerNotification(Task task)
   at NuGet.PackageManagement.VisualStudio.VsProjectAdapterProvider.<CreateAdapterForFullyLoadedProjectAsync>d__6.MoveNext()
--- End of stack trace from previous location where exception was thrown ---
   at System.Runtime.CompilerServices.TaskAwaiter.ThrowForNonSuccess(Task task)
   at System.Runtime.CompilerServices.TaskAwaiter.HandleNonSuccessAndDebuggerNotification(Task task)
   at NuGet.PackageManagement.VisualStudio.VSSolutionManager.<GetOrCreateProjectAsync>d__108.MoveNext()
--- End of stack trace from previous location where exception was thrown ---
   at System.Runtime.CompilerServices.TaskAwaiter.ThrowForNonSuccess(Task task)
   at System.Runtime.CompilerServices.TaskAwaiter.HandleNonSuccessAndDebuggerNotification(Task task)
   at NuGet.VisualStudio.VsPackageInstallerServices.<GetInstalledPackageReferencesAsync>d__7.MoveNext()
--- End of stack trace from previous location where exception was thrown ---
   at System.Runtime.CompilerServices.TaskAwaiter.ThrowForNonSuccess(Task task)
   at System.Runtime.CompilerServices.TaskAwaiter.HandleNonSuccessAndDebuggerNotification(Task task)
   at NuGet.VisualStudio.VsPackageInstallerServices.<>c__DisplayClass13_0.<<IsPackageInstalled>b__0>d.MoveNext()
--- End of stack trace from previous location where exception was thrown ---
   at System.Runtime.CompilerServices.TaskAwaiter.ThrowForNonSuccess(Task task)
   at System.Runtime.CompilerServices.TaskAwaiter.HandleNonSuccessAndDebuggerNotification(Task task)
   at Microsoft.VisualStudio.Threading.JoinableTask.CompleteOnCurrentThread()
   at Microsoft.VisualStudio.Threading.JoinableTask`1.CompleteOnCurrentThread()
   at Microsoft.VisualStudio.Threading.JoinableTaskFactory.Run[T](Func`1 asyncMethod, JoinableTaskCreationOptions creationOptions)
   at NuGet.VisualStudio.VsPackageInstallerServices.IsPackageInstalled(Project project, String packageId, NuGetVersion nugetVersion)
   at NuGet.VisualStudio.VsPackageInstallerServices.IsPackageInstalled(Project project, String packageId)
   at Syncfusion.Xamarin.UI.WizardImplementation.NugetPackageInstallation(Project project, String package, String version)


Date:2020-07-25 05:46:39,705
Thread:[1]
Level:ERROR
Logger:Syncfusion.Xamarin.UI.WizardImplementation                         [(null)]
Message:System.ArgumentException: Argument cannot be null or empty
Parameter name: fullName
   at NuGet.VisualStudio.ProjectNames..ctor(String fullName, String uniqueName, String shortName, String customUniqueName)
   at NuGet.VisualStudio.ProjectNames.<FromDTEProjectAsync>d__17.MoveNext()
--- End of stack trace from previous location where exception was thrown ---
   at System.Runtime.CompilerServices.TaskAwaiter.ThrowForNonSuccess(Task task)
   at System.Runtime.CompilerServices.TaskAwaiter.HandleNonSuccessAndDebuggerNotification(Task task)
   at NuGet.PackageManagement.VisualStudio.VsProjectAdapterProvider.<CreateAdapterForFullyLoadedProjectAsync>d__6.MoveNext()
--- End of stack trace from previous location where exception was thrown ---
   at System.Runtime.CompilerServices.TaskAwaiter.ThrowForNonSuccess(Task task)
   at System.Runtime.CompilerServices.TaskAwaiter.HandleNonSuccessAndDebuggerNotification(Task task)
   at NuGet.PackageManagement.VisualStudio.VSSolutionManager.<GetOrCreateProjectAsync>d__108.MoveNext()
--- End of stack trace from previous location where exception was thrown ---
   at System.Runtime.CompilerServices.TaskAwaiter.ThrowForNonSuccess(Task task)
   at System.Runtime.CompilerServices.TaskAwaiter.HandleNonSuccessAndDebuggerNotification(Task task)
   at NuGet.VisualStudio.VsPackageInstallerServices.<GetInstalledPackageReferencesAsync>d__7.MoveNext()
--- End of stack trace from previous location where exception was thrown ---
   at System.Runtime.CompilerServices.TaskAwaiter.ThrowForNonSuccess(Task task)
   at System.Runtime.CompilerServices.TaskAwaiter.HandleNonSuccessAndDebuggerNotification(Task task)
   at NuGet.VisualStudio.VsPackageInstallerServices.<>c__DisplayClass13_0.<<IsPackageInstalled>b__0>d.MoveNext()
--- End of stack trace from previous location where exception was thrown ---
   at System.Runtime.CompilerServices.TaskAwaiter.ThrowForNonSuccess(Task task)
   at System.Runtime.CompilerServices.TaskAwaiter.HandleNonSuccessAndDebuggerNotification(Task task)
   at Microsoft.VisualStudio.Threading.JoinableTask.CompleteOnCurrentThread()
   at Microsoft.VisualStudio.Threading.JoinableTask`1.CompleteOnCurrentThread()
   at Microsoft.VisualStudio.Threading.JoinableTaskFactory.Run[T](Func`1 asyncMethod, JoinableTaskCreationOptions creationOptions)
   at NuGet.VisualStudio.VsPackageInstallerServices.IsPackageInstalled(Project project, String packageId, NuGetVersion nugetVersion)
   at NuGet.VisualStudio.VsPackageInstallerServices.IsPackageInstalled(Project project, String packageId)
   at Syncfusion.Xamarin.UI.WizardImplementation.NugetPackageInstallation(Project project, String package, String version)


Date:2020-07-25 05:46:39,713
Thread:[1]
Level:ERROR
Logger:Syncfusion.Xamarin.UI.WizardImplementation                         [(null)]
Message:System.ArgumentException: Argument cannot be null or empty
Parameter name: fullName
   at NuGet.VisualStudio.ProjectNames..ctor(String fullName, String uniqueName, String shortName, String customUniqueName)
   at NuGet.VisualStudio.ProjectNames.<FromDTEProjectAsync>d__17.MoveNext()
--- End of stack trace from previous location where exception was thrown ---
   at System.Runtime.CompilerServices.TaskAwaiter.ThrowForNonSuccess(Task task)
   at System.Runtime.CompilerServices.TaskAwaiter.HandleNonSuccessAndDebuggerNotification(Task task)
   at NuGet.PackageManagement.VisualStudio.VsProjectAdapterProvider.<CreateAdapterForFullyLoadedProjectAsync>d__6.MoveNext()
--- End of stack trace from previous location where exception was thrown ---
   at System.Runtime.CompilerServices.TaskAwaiter.ThrowForNonSuccess(Task task)
   at System.Runtime.CompilerServices.TaskAwaiter.HandleNonSuccessAndDebuggerNotification(Task task)
   at NuGet.PackageManagement.VisualStudio.VSSolutionManager.<GetOrCreateProjectAsync>d__108.MoveNext()
--- End of stack trace from previous location where exception was thrown ---
   at System.Runtime.CompilerServices.TaskAwaiter.ThrowForNonSuccess(Task task)
   at System.Runtime.CompilerServices.TaskAwaiter.HandleNonSuccessAndDebuggerNotification(Task task)
   at NuGet.VisualStudio.VsPackageInstallerServices.<GetInstalledPackageReferencesAsync>d__7.MoveNext()
--- End of stack trace from previous location where exception was thrown ---
   at System.Runtime.CompilerServices.TaskAwaiter.ThrowForNonSuccess(Task task)
   at System.Runtime.CompilerServices.TaskAwaiter.HandleNonSuccessAndDebuggerNotification(Task task)
   at NuGet.VisualStudio.VsPackageInstallerServices.<>c__DisplayClass13_0.<<IsPackageInstalled>b__0>d.MoveNext()
--- End of stack trace from previous location where exception was thrown ---
   at System.Runtime.CompilerServices.TaskAwaiter.ThrowForNonSuccess(Task task)
   at System.Runtime.CompilerServices.TaskAwaiter.HandleNonSuccessAndDebuggerNotification(Task task)
   at Microsoft.VisualStudio.Threading.JoinableTask.CompleteOnCurrentThread()
   at Microsoft.VisualStudio.Threading.JoinableTask`1.CompleteOnCurrentThread()
   at Microsoft.VisualStudio.Threading.JoinableTaskFactory.Run[T](Func`1 asyncMethod, JoinableTaskCreationOptions creationOptions)
   at NuGet.VisualStudio.VsPackageInstallerServices.IsPackageInstalled(Project project, String packageId, NuGetVersion nugetVersion)
   at NuGet.VisualStudio.VsPackageInstallerServices.IsPackageInstalled(Project project, String packageId)
   at Syncfusion.Xamarin.UI.WizardImplementation.NugetPackageInstallation(Project project, String package, String version)


Date:2020-07-25 05:46:39,719
Thread:[1]
Level:ERROR
Logger:Syncfusion.Xamarin.UI.WizardImplementation                         [(null)]
Message:System.ArgumentException: Argument cannot be null or empty
Parameter name: fullName
   at NuGet.VisualStudio.ProjectNames..ctor(String fullName, String uniqueName, String shortName, String customUniqueName)
   at NuGet.VisualStudio.ProjectNames.<FromDTEProjectAsync>d__17.MoveNext()
--- End of stack trace from previous location where exception was thrown ---
   at System.Runtime.CompilerServices.TaskAwaiter.ThrowForNonSuccess(Task task)
   at System.Runtime.CompilerServices.TaskAwaiter.HandleNonSuccessAndDebuggerNotification(Task task)
   at NuGet.PackageManagement.VisualStudio.VsProjectAdapterProvider.<CreateAdapterForFullyLoadedProjectAsync>d__6.MoveNext()
--- End of stack trace from previous location where exception was thrown ---
   at System.Runtime.CompilerServices.TaskAwaiter.ThrowForNonSuccess(Task task)
   at System.Runtime.CompilerServices.TaskAwaiter.HandleNonSuccessAndDebuggerNotification(Task task)
   at NuGet.PackageManagement.VisualStudio.VSSolutionManager.<GetOrCreateProjectAsync>d__108.MoveNext()
--- End of stack trace from previous location where exception was thrown ---
   at System.Runtime.CompilerServices.TaskAwaiter.ThrowForNonSuccess(Task task)
   at System.Runtime.CompilerServices.TaskAwaiter.HandleNonSuccessAndDebuggerNotification(Task task)
   at NuGet.VisualStudio.VsPackageInstallerServices.<GetInstalledPackageReferencesAsync>d__7.MoveNext()
--- End of stack trace from previous location where exception was thrown ---
   at System.Runtime.CompilerServices.TaskAwaiter.ThrowForNonSuccess(Task task)
   at System.Runtime.CompilerServices.TaskAwaiter.HandleNonSuccessAndDebuggerNotification(Task task)
   at NuGet.VisualStudio.VsPackageInstallerServices.<>c__DisplayClass13_0.<<IsPackageInstalled>b__0>d.MoveNext()
--- End of stack trace from previous location where exception was thrown ---
   at System.Runtime.CompilerServices.TaskAwaiter.ThrowForNonSuccess(Task task)
   at System.Runtime.CompilerServices.TaskAwaiter.HandleNonSuccessAndDebuggerNotification(Task task)
   at Microsoft.VisualStudio.Threading.JoinableTask.CompleteOnCurrentThread()
   at Microsoft.VisualStudio.Threading.JoinableTask`1.CompleteOnCurrentThread()
   at Microsoft.VisualStudio.Threading.JoinableTaskFactory.Run[T](Func`1 asyncMethod, JoinableTaskCreationOptions creationOptions)
   at NuGet.VisualStudio.VsPackageInstallerServices.IsPackageInstalled(Project project, String packageId, NuGetVersion nugetVersion)
   at NuGet.VisualStudio.VsPackageInstallerServices.IsPackageInstalled(Project project, String packageId)
   at Syncfusion.Xamarin.UI.WizardImplementation.NugetPackageInstallation(Project project, String package, String version)


Date:2020-07-25 05:46:39,726
Thread:[1]
Level:ERROR
Logger:Syncfusion.Xamarin.UI.WizardImplementation                         [(null)]
Message:System.ArgumentException: Argument cannot be null or empty
Parameter name: fullName
   at NuGet.VisualStudio.ProjectNames..ctor(String fullName, String uniqueName, String shortName, String customUniqueName)
   at NuGet.VisualStudio.ProjectNames.<FromDTEProjectAsync>d__17.MoveNext()
--- End of stack trace from previous location where exception was thrown ---
   at System.Runtime.CompilerServices.TaskAwaiter.ThrowForNonSuccess(Task task)
   at System.Runtime.CompilerServices.TaskAwaiter.HandleNonSuccessAndDebuggerNotification(Task task)
   at NuGet.PackageManagement.VisualStudio.VsProjectAdapterProvider.<CreateAdapterForFullyLoadedProjectAsync>d__6.MoveNext()
--- End of stack trace from previous location where exception was thrown ---
   at System.Runtime.CompilerServices.TaskAwaiter.ThrowForNonSuccess(Task task)
   at System.Runtime.CompilerServices.TaskAwaiter.HandleNonSuccessAndDebuggerNotification(Task task)
   at NuGet.PackageManagement.VisualStudio.VSSolutionManager.<GetOrCreateProjectAsync>d__108.MoveNext()
--- End of stack trace from previous location where exception was thrown ---
   at System.Runtime.CompilerServices.TaskAwaiter.ThrowForNonSuccess(Task task)
   at System.Runtime.CompilerServices.TaskAwaiter.HandleNonSuccessAndDebuggerNotification(Task task)
   at NuGet.VisualStudio.VsPackageInstallerServices.<GetInstalledPackageReferencesAsync>d__7.MoveNext()
--- End of stack trace from previous location where exception was thrown ---
   at System.Runtime.CompilerServices.TaskAwaiter.ThrowForNonSuccess(Task task)
   at System.Runtime.CompilerServices.TaskAwaiter.HandleNonSuccessAndDebuggerNotification(Task task)
   at NuGet.VisualStudio.VsPackageInstallerServices.<>c__DisplayClass13_0.<<IsPackageInstalled>b__0>d.MoveNext()
--- End of stack trace from previous location where exception was thrown ---
   at System.Runtime.CompilerServices.TaskAwaiter.ThrowForNonSuccess(Task task)
   at System.Runtime.CompilerServices.TaskAwaiter.HandleNonSuccessAndDebuggerNotification(Task task)
   at Microsoft.VisualStudio.Threading.JoinableTask.CompleteOnCurrentThread()
   at Microsoft.VisualStudio.Threading.JoinableTask`1.CompleteOnCurrentThread()
   at Microsoft.VisualStudio.Threading.JoinableTaskFactory.Run[T](Func`1 asyncMethod, JoinableTaskCreationOptions creationOptions)
   at NuGet.VisualStudio.VsPackageInstallerServices.IsPackageInstalled(Project project, String packageId, NuGetVersion nugetVersion)
   at NuGet.VisualStudio.VsPackageInstallerServices.IsPackageInstalled(Project project, String packageId)
   at Syncfusion.Xamarin.UI.WizardImplementation.NugetPackageInstallation(Project project, String package, String version)


Date:2020-07-25 05:46:39,751
Thread:[1]
Level:ERROR
Logger:Syncfusion.Xamarin.UI.WizardImplementation                         [(null)]
Message:System.ArgumentException: Empty path name is not legal.
   at System.IO.File.ReadAllText(String path)
   at Syncfusion.Xamarin.UI.WizardImplementation.AddControlRendererLine(List`1 templateList, List`1 resourceList)


Date:2020-07-25 05:46:39,768
Thread:[1]
Level:ERROR
Logger:Syncfusion.Xamarin.UI.WizardImplementation                         [(null)]
Message:System.ArgumentException: Empty path name is not legal.
   at System.IO.File.ReadAllText(String path)
   at Syncfusion.Xamarin.UI.WizardImplementation.AddFlies(String[] fileName, String projectType)


Date:2020-07-25 05:46:39,775
Thread:[1]
Level:ERROR
Logger:Syncfusion.Xamarin.UI.WizardImplementation                         [(null)]
Message:System.ArgumentException: Empty path name is not legal.
   at System.IO.File.ReadAllText(String path)
   at Syncfusion.Xamarin.UI.WizardImplementation.AddProjectItemsForIOS(String ProjectFile, String[] fileName)


Date:2020-07-25 05:46:39,781
Thread:[1]
Level:ERROR
Logger:Syncfusion.Xamarin.UI.WizardImplementation                         [(null)]
Message:System.ArgumentException: Empty path name is not legal.
   at System.IO.File.ReadAllText(String path)
   at Syncfusion.Xamarin.UI.WizardImplementation.AddFlies(String[] fileName, String projectType)


Date:2020-07-25 05:46:39,788
Thread:[1]
Level:ERROR
Logger:Syncfusion.Xamarin.UI.WizardImplementation                         [(null)]
Message:System.ArgumentException: Empty path name is not legal.
   at System.IO.File.ReadAllText(String path)
   at Syncfusion.Xamarin.UI.WizardImplementation.AddProjectItemsForUWP(String ProjectFile, String[] fileName)


Date:2020-07-25 05:46:39,791
Thread:[1]
Level:ERROR
Logger:Syncfusion.Xamarin.UI.WizardImplementation                         [(null)]
Message:System.ArgumentException: Empty path name is not legal.
   at System.IO.File.ReadAllText(String path)
   at Syncfusion.Xamarin.UI.WizardImplementation.AddFlies(String[] fileName, String projectType)
