

Date:2020-07-19 16:23:26,718
Thread:[1]
Level:ERROR
Logger:Syncfusion.Xamarin.UI.WizardImplementation                         [(null)]
Message:System.ArgumentException: Argument cannot be null or empty
Parameter name: fullName
   at NuGet.VisualStudio.ProjectNames..ctor(String fullName, String uniqueName, String shortName, String customUniqueName)
   at NuGet.VisualStudio.ProjectNames.<FromDTEProjectAsync>d__17.MoveNext()
--- End of stack trace from previous location where exception was thrown ---
   at System.Runtime.CompilerServices.TaskAwaiter.ThrowForNonSuccess(Task task)
   at System.Runtime.CompilerServices.TaskAwaiter.HandleNonSuccessAndDebuggerNotification(Task task)
   at NuGet.PackageManagement.VisualStudio.VsProjectAdapterProvider.<CreateAdapterForFullyLoadedProjectAsync>d__6.MoveNext()
--- End of stack trace from previous location where exception was thrown ---
   at System.Runtime.CompilerServices.TaskAwaiter.ThrowForNonSuccess(Task task)
   at System.Runtime.CompilerServices.TaskAwaiter.HandleNonSuccessAndDebuggerNotification(Task task)
   at NuGet.PackageManagement.VisualStudio.VSSolutionManager.<GetOrCreateProjectAsync>d__108.MoveNext()
--- End of stack trace from previous location where exception was thrown ---
   at System.Runtime.CompilerServices.TaskAwaiter.ThrowForNonSuccess(Task task)
   at System.Runtime.CompilerServices.TaskAwaiter.HandleNonSuccessAndDebuggerNotification(Task task)
   at NuGet.VisualStudio.VsPackageInstallerServices.<GetInstalledPackageReferencesAsync>d__7.MoveNext()
--- End of stack trace from previous location where exception was thrown ---
   at System.Runtime.CompilerServices.TaskAwaiter.ThrowForNonSuccess(Task task)
   at System.Runtime.CompilerServices.TaskAwaiter.HandleNonSuccessAndDebuggerNotification(Task task)
   at NuGet.VisualStudio.VsPackageInstallerServices.<>c__DisplayClass13_0.<<IsPackageInstalled>b__0>d.MoveNext()
--- End of stack trace from previous location where exception was thrown ---
   at System.Runtime.CompilerServices.TaskAwaiter.ThrowForNonSuccess(Task task)
   at System.Runtime.CompilerServices.TaskAwaiter.HandleNonSuccessAndDebuggerNotification(Task task)
   at Microsoft.VisualStudio.Threading.JoinableTask.CompleteOnCurrentThread()
   at Microsoft.VisualStudio.Threading.JoinableTask`1.CompleteOnCurrentThread()
   at Microsoft.VisualStudio.Threading.JoinableTaskFactory.Run[T](Func`1 asyncMethod, JoinableTaskCreationOptions creationOptions)
   at NuGet.VisualStudio.VsPackageInstallerServices.IsPackageInstalled(Project project, String packageId, NuGetVersion nugetVersion)
   at NuGet.VisualStudio.VsPackageInstallerServices.IsPackageInstalled(Project project, String packageId)
   at Syncfusion.Xamarin.UI.WizardImplementation.NugetPackageInstallation(Project project, String package, String version)


Date:2020-07-19 16:23:26,766
Thread:[1]
Level:ERROR
Logger:Syncfusion.Xamarin.UI.WizardImplementation                         [(null)]
Message:System.ArgumentException: Argument cannot be null or empty
Parameter name: fullName
   at NuGet.VisualStudio.ProjectNames..ctor(String fullName, String uniqueName, String shortName, String customUniqueName)
   at NuGet.VisualStudio.ProjectNames.<FromDTEProjectAsync>d__17.MoveNext()
--- End of stack trace from previous location where exception was thrown ---
   at System.Runtime.CompilerServices.TaskAwaiter.ThrowForNonSuccess(Task task)
   at System.Runtime.CompilerServices.TaskAwaiter.HandleNonSuccessAndDebuggerNotification(Task task)
   at NuGet.PackageManagement.VisualStudio.VsProjectAdapterProvider.<CreateAdapterForFullyLoadedProjectAsync>d__6.MoveNext()
--- End of stack trace from previous location where exception was thrown ---
   at System.Runtime.CompilerServices.TaskAwaiter.ThrowForNonSuccess(Task task)
   at System.Runtime.CompilerServices.TaskAwaiter.HandleNonSuccessAndDebuggerNotification(Task task)
   at NuGet.PackageManagement.VisualStudio.VSSolutionManager.<GetOrCreateProjectAsync>d__108.MoveNext()
--- End of stack trace from previous location where exception was thrown ---
   at System.Runtime.CompilerServices.TaskAwaiter.ThrowForNonSuccess(Task task)
   at System.Runtime.CompilerServices.TaskAwaiter.HandleNonSuccessAndDebuggerNotification(Task task)
   at NuGet.VisualStudio.VsPackageInstallerServices.<GetInstalledPackageReferencesAsync>d__7.MoveNext()
--- End of stack trace from previous location where exception was thrown ---
   at System.Runtime.CompilerServices.TaskAwaiter.ThrowForNonSuccess(Task task)
   at System.Runtime.CompilerServices.TaskAwaiter.HandleNonSuccessAndDebuggerNotification(Task task)
   at NuGet.VisualStudio.VsPackageInstallerServices.<>c__DisplayClass13_0.<<IsPackageInstalled>b__0>d.MoveNext()
--- End of stack trace from previous location where exception was thrown ---
   at System.Runtime.CompilerServices.TaskAwaiter.ThrowForNonSuccess(Task task)
   at System.Runtime.CompilerServices.TaskAwaiter.HandleNonSuccessAndDebuggerNotification(Task task)
   at Microsoft.VisualStudio.Threading.JoinableTask.CompleteOnCurrentThread()
   at Microsoft.VisualStudio.Threading.JoinableTask`1.CompleteOnCurrentThread()
   at Microsoft.VisualStudio.Threading.JoinableTaskFactory.Run[T](Func`1 asyncMethod, JoinableTaskCreationOptions creationOptions)
   at NuGet.VisualStudio.VsPackageInstallerServices.IsPackageInstalled(Project project, String packageId, NuGetVersion nugetVersion)
   at NuGet.VisualStudio.VsPackageInstallerServices.IsPackageInstalled(Project project, String packageId)
   at Syncfusion.Xamarin.UI.WizardImplementation.NugetPackageInstallation(Project project, String package, String version)


Date:2020-07-19 16:23:26,783
Thread:[1]
Level:ERROR
Logger:Syncfusion.Xamarin.UI.WizardImplementation                         [(null)]
Message:System.ArgumentException: Argument cannot be null or empty
Parameter name: fullName
   at NuGet.VisualStudio.ProjectNames..ctor(String fullName, String uniqueName, String shortName, String customUniqueName)
   at NuGet.VisualStudio.ProjectNames.<FromDTEProjectAsync>d__17.MoveNext()
--- End of stack trace from previous location where exception was thrown ---
   at System.Runtime.CompilerServices.TaskAwaiter.ThrowForNonSuccess(Task task)
   at System.Runtime.CompilerServices.TaskAwaiter.HandleNonSuccessAndDebuggerNotification(Task task)
   at NuGet.PackageManagement.VisualStudio.VsProjectAdapterProvider.<CreateAdapterForFullyLoadedProjectAsync>d__6.MoveNext()
--- End of stack trace from previous location where exception was thrown ---
   at System.Runtime.CompilerServices.TaskAwaiter.ThrowForNonSuccess(Task task)
   at System.Runtime.CompilerServices.TaskAwaiter.HandleNonSuccessAndDebuggerNotification(Task task)
   at NuGet.PackageManagement.VisualStudio.VSSolutionManager.<GetOrCreateProjectAsync>d__108.MoveNext()
--- End of stack trace from previous location where exception was thrown ---
   at System.Runtime.CompilerServices.TaskAwaiter.ThrowForNonSuccess(Task task)
   at System.Runtime.CompilerServices.TaskAwaiter.HandleNonSuccessAndDebuggerNotification(Task task)
   at NuGet.VisualStudio.VsPackageInstallerServices.<GetInstalledPackageReferencesAsync>d__7.MoveNext()
--- End of stack trace from previous location where exception was thrown ---
   at System.Runtime.CompilerServices.TaskAwaiter.ThrowForNonSuccess(Task task)
   at System.Runtime.CompilerServices.TaskAwaiter.HandleNonSuccessAndDebuggerNotification(Task task)
   at NuGet.VisualStudio.VsPackageInstallerServices.<>c__DisplayClass13_0.<<IsPackageInstalled>b__0>d.MoveNext()
--- End of stack trace from previous location where exception was thrown ---
   at System.Runtime.CompilerServices.TaskAwaiter.ThrowForNonSuccess(Task task)
   at System.Runtime.CompilerServices.TaskAwaiter.HandleNonSuccessAndDebuggerNotification(Task task)
   at Microsoft.VisualStudio.Threading.JoinableTask.CompleteOnCurrentThread()
   at Microsoft.VisualStudio.Threading.JoinableTask`1.CompleteOnCurrentThread()
   at Microsoft.VisualStudio.Threading.JoinableTaskFactory.Run[T](Func`1 asyncMethod, JoinableTaskCreationOptions creationOptions)
   at NuGet.VisualStudio.VsPackageInstallerServices.IsPackageInstalled(Project project, String packageId, NuGetVersion nugetVersion)
   at NuGet.VisualStudio.VsPackageInstallerServices.IsPackageInstalled(Project project, String packageId)
   at Syncfusion.Xamarin.UI.WizardImplementation.NugetPackageInstallation(Project project, String package, String version)


Date:2020-07-19 16:23:26,789
Thread:[1]
Level:ERROR
Logger:Syncfusion.Xamarin.UI.WizardImplementation                         [(null)]
Message:System.ArgumentException: Argument cannot be null or empty
Parameter name: fullName
   at NuGet.VisualStudio.ProjectNames..ctor(String fullName, String uniqueName, String shortName, String customUniqueName)
   at NuGet.VisualStudio.ProjectNames.<FromDTEProjectAsync>d__17.MoveNext()
--- End of stack trace from previous location where exception was thrown ---
   at System.Runtime.CompilerServices.TaskAwaiter.ThrowForNonSuccess(Task task)
   at System.Runtime.CompilerServices.TaskAwaiter.HandleNonSuccessAndDebuggerNotification(Task task)
   at NuGet.PackageManagement.VisualStudio.VsProjectAdapterProvider.<CreateAdapterForFullyLoadedProjectAsync>d__6.MoveNext()
--- End of stack trace from previous location where exception was thrown ---
   at System.Runtime.CompilerServices.TaskAwaiter.ThrowForNonSuccess(Task task)
   at System.Runtime.CompilerServices.TaskAwaiter.HandleNonSuccessAndDebuggerNotification(Task task)
   at NuGet.PackageManagement.VisualStudio.VSSolutionManager.<GetOrCreateProjectAsync>d__108.MoveNext()
--- End of stack trace from previous location where exception was thrown ---
   at System.Runtime.CompilerServices.TaskAwaiter.ThrowForNonSuccess(Task task)
   at System.Runtime.CompilerServices.TaskAwaiter.HandleNonSuccessAndDebuggerNotification(Task task)
   at NuGet.VisualStudio.VsPackageInstallerServices.<GetInstalledPackageReferencesAsync>d__7.MoveNext()
--- End of stack trace from previous location where exception was thrown ---
   at System.Runtime.CompilerServices.TaskAwaiter.ThrowForNonSuccess(Task task)
   at System.Runtime.CompilerServices.TaskAwaiter.HandleNonSuccessAndDebuggerNotification(Task task)
   at NuGet.VisualStudio.VsPackageInstallerServices.<>c__DisplayClass13_0.<<IsPackageInstalled>b__0>d.MoveNext()
--- End of stack trace from previous location where exception was thrown ---
   at System.Runtime.CompilerServices.TaskAwaiter.ThrowForNonSuccess(Task task)
   at System.Runtime.CompilerServices.TaskAwaiter.HandleNonSuccessAndDebuggerNotification(Task task)
   at Microsoft.VisualStudio.Threading.JoinableTask.CompleteOnCurrentThread()
   at Microsoft.VisualStudio.Threading.JoinableTask`1.CompleteOnCurrentThread()
   at Microsoft.VisualStudio.Threading.JoinableTaskFactory.Run[T](Func`1 asyncMethod, JoinableTaskCreationOptions creationOptions)
   at NuGet.VisualStudio.VsPackageInstallerServices.IsPackageInstalled(Project project, String packageId, NuGetVersion nugetVersion)
   at NuGet.VisualStudio.VsPackageInstallerServices.IsPackageInstalled(Project project, String packageId)
   at Syncfusion.Xamarin.UI.WizardImplementation.NugetPackageInstallation(Project project, String package, String version)


Date:2020-07-19 16:23:26,806
Thread:[1]
Level:ERROR
Logger:Syncfusion.Xamarin.UI.WizardImplementation                         [(null)]
Message:System.ArgumentException: Empty path name is not legal.
   at System.IO.File.ReadAllText(String path)
   at Syncfusion.Xamarin.UI.WizardImplementation.AddControlRendererLine(List`1 templateList, List`1 resourceList)


Date:2020-07-19 16:23:31,413
Thread:[1]
Level:ERROR
Logger:Syncfusion.Xamarin.UI.WizardImplementation                         [(null)]
Message:System.ArgumentException: Directory 'c:\users\carlo\appdata\local\microsoft\visualstudio\16.0_57e1dd90\extensions\szvbutvo.rxo\Resources\Android\BorderlessEntryRenderer.cs' does not exist.
   at Microsoft.VisualStudio.ProjectSystem.VS.Implementation.Package.Automation.OAProjectItems.<>c__DisplayClass5_0.<<AddFromDirectory>b__0>d.MoveNext()
--- End of stack trace from previous location where exception was thrown ---
   at System.Runtime.CompilerServices.TaskAwaiter.ThrowForNonSuccess(Task task)
   at System.Runtime.CompilerServices.TaskAwaiter.HandleNonSuccessAndDebuggerNotification(Task task)
   at Microsoft.VisualStudio.ProjectSystem.VS.Implementation.Package.Automation.OAProject.<>c__DisplayClass72_0`1.<<Mutate>b__0>d.MoveNext()
--- End of stack trace from previous location where exception was thrown ---
   at System.Runtime.CompilerServices.TaskAwaiter.ThrowForNonSuccess(Task task)
   at System.Runtime.CompilerServices.TaskAwaiter.HandleNonSuccessAndDebuggerNotification(Task task)
   at Microsoft.VisualStudio.ProjectSystem.VS.Implementation.Package.ProjectNode.<>c__DisplayClass571_0.<<Mutate>b__0>d.MoveNext()
--- End of stack trace from previous location where exception was thrown ---
   at System.Runtime.CompilerServices.TaskAwaiter.ThrowForNonSuccess(Task task)
   at System.Runtime.CompilerServices.TaskAwaiter.HandleNonSuccessAndDebuggerNotification(Task task)
   at Microsoft.VisualStudio.Threading.JoinableTask.CompleteOnCurrentThread()
   at Microsoft.VisualStudio.ProjectSystem.ProjectMultiThreadedService.ExecuteSynchronously(Func`1 asyncAction)
   at Microsoft.VisualStudio.ProjectSystem.VS.Implementation.Package.ProjectNode.Mutate(Func`1 asyncAction, Boolean includesFileSystemChange, String telemetryActivity)
   at Microsoft.VisualStudio.ProjectSystem.VS.Implementation.Package.Automation.OAProject.Mutate[T](Func`1 asyncAction, Boolean includesFileSystemChange, String telemetryActivity)
   at Microsoft.VisualStudio.ProjectSystem.VS.Implementation.Package.Automation.OAProjectItems.AddFromDirectory(String directory)
   at Syncfusion.Xamarin.UI.WizardImplementation.AddFlies(String[] fileName, String projectType)


Date:2020-07-19 16:23:31,428
Thread:[1]
Level:ERROR
Logger:Syncfusion.Xamarin.UI.WizardImplementation                         [(null)]
Message:System.ArgumentException: Empty path name is not legal.
   at System.IO.File.ReadAllText(String path)
   at Syncfusion.Xamarin.UI.WizardImplementation.AddProjectItemsForIOS(String ProjectFile, String[] fileName)


Date:2020-07-19 16:23:31,431
Thread:[1]
Level:ERROR
Logger:Syncfusion.Xamarin.UI.WizardImplementation                         [(null)]
Message:System.ArgumentException: Empty path name is not legal.
   at System.IO.File.ReadAllText(String path)
   at Syncfusion.Xamarin.UI.WizardImplementation.AddFlies(String[] fileName, String projectType)


Date:2020-07-19 16:23:31,436
Thread:[1]
Level:ERROR
Logger:Syncfusion.Xamarin.UI.WizardImplementation                         [(null)]
Message:System.ArgumentException: Empty path name is not legal.
   at System.IO.File.ReadAllText(String path)
   at Syncfusion.Xamarin.UI.WizardImplementation.AddProjectItemsForUWP(String ProjectFile, String[] fileName)


Date:2020-07-19 16:23:31,440
Thread:[1]
Level:ERROR
Logger:Syncfusion.Xamarin.UI.WizardImplementation                         [(null)]
Message:System.ArgumentException: Empty path name is not legal.
   at System.IO.File.ReadAllText(String path)
   at Syncfusion.Xamarin.UI.WizardImplementation.AddFlies(String[] fileName, String projectType)
